-1860414467
1801373062
19469457
-1230638196
1364516905
1536838395
-2071347178
-1282591385
384376894
-1096510176
758239664
565061618
-1954297391
-1112250178
-1801517352
246144379
172903681
163073853
83603928
399119149
-553529511
-1841974267
-1550443836
154669108
832211022
137206894
-1243039524
315907875
-350815295
344028120
25500022
848678171
-1725680831
-1797088939
46658762
1493264313
1204391386
269602628
785443690
-2102552742
158805933
-10302335
1684464239
1534804914
1338408574
1451017301
25519775
1240787871
953813688
-1876484481
-22412336
967111840
-1448995202
247778480
1996082793
180223501
1582205360
1924052051
-1601522618
340751242
-1808506604
245465272
190270635
-813976064
438937540
1894378649
76120917
1327658265
-2130587031
1939884
46250834
1610266420
3510116
-1400169988
24168634
1071913055
-724312348
379854318
448496897
697964133
1058206127
1216781427
975204560
279487098
2020032348
323643112
1374007246
-416392698
742271191
40573999
928011902
-1983376792
1514185283
-1296494138
1282236998
924729908
1015246295
1240525912
260836167
1430707299
312838118
-1359921099
153995916
161418166
2127649471
52156095
-58706877
1414948960
1960554339
480949
1834305511
137521911
683106115
71716742
196398922
-1597491533
88098648
24380751
13134788
-632011290
1006616113
1780887313
200624834
1126430006
56495908
1697974065
400896244
1147675803
1091691262
834949764
8809988
1534004738
-1215592721
-1384890180
53660723
-1993294322
270032941
408247083
612704861
213526886
-1143003570
822610185
1535486215
1415660254
1284864617
786600618
608600974
925414929
-1117917768
-1573855859
1783485830
-1776965316
2069407261
1010553455
432144075
216457264
1336067352
1317689634
274737352
131029956
-777812577
-1415324792
601481478
168886913
199356994
38628290
156966390
1112042301
1431378010
1753200609
2022724323
-262001512
-390250319
-1194091527
23720639
-516319386
-813881997
91087141
55039427
299142653
590586324
230790594
1659270105
525209
1294807796
682164968
1538539430
1104226888
-1798488639
1159917490
870724904
1993329072
262527238
450330111
55766105
1844152897
1088105408
-1781983686
-228558197
167976826
-1498039008
112900682
1800262323
258226716
293562395
603092836
12229600
577877514
-609917008
481890304
310894664
80717296
19948251
437902379
-1206096996
-1904141724
442937253
227656792
1401317142
3977136
386303032
648991504
2015743078
1960907510
1378993285
-1531157379
2065254623
1303751695
45087641
434282980
6662842
-2036341715
1010226455
1817335940
1005489503
622547865
-1994164046
1916936632
-1789756460
-220279970
-1974371876
839131455
-380983512
852035124
362771221
257467397
668107663
287726090
-1594890860
-1445137339
186988775
126663349
-1034474997
428356153
453439372
11247254
521876206
42707202
1460037871
71194003
-1083016268
-1553483144
1600060267
416637064
210985188
-1169467411
159284869
-1907911978
192934131
1572168628
-503387872
40918793
507624093
191147760
1355209121
1277951256
-2041546979
-1139147841
-491551376
483229745
-1196827905
1929340813
219847619
185304003
1039445792
229074457
548804127
52418066
-252360115
-1532951456
2095204923
-1856652393
-2129086995
1328041164
-541012507
1224085683
-201187716
523805664
132266607
1678142329
-1995242511
1487266286
743676471
68795563
1351132673
1473177796
1070320378
167348195
-1808822378
-627365706
322309170
157274967
15780914
424161488
1176479980
173209087
30114839
-1686305999
-2089593243
2132886942
334062971
1878433198
1350736979
31182515
303495377
242790387
486546968
1778414188
1437624001
1341850206
1920506434
521689357
54323137
-1450602354
613421242
146738663
654951244
55596183
1975580144
1509715176
180481895
2097058296
414048552
729376915
1986711179
76504641
2034028039
2135830469
-135444365
187994414
562029372
-1156294931
1198979247
-2084154163
1899013082
2108450429
-1193524722
1123165300
134433099
2066467199
1413091818
1090918800
281705637
-1495112071
375228706
839486114
1260166052
-1748132401
505049540
602289523
85192801
-2093284010
157027406
733027713
174372079
1233488185
651662327
-352079301
2740382
1517638603
1111325105
161636353
1157999017
1476751327
1260667827
38179673
328794647
306228463
150276316
198349310
247342978
18559503
303399796
1038468760
53751194
132089857
74966042
1726156148
1081319615
261123708
-1032697140
123651535
105045841
-818207739
230925516
1545574207
406136766
1330911200
166637319
-1165124499
-1287493940
1018374454
-196588129
588718220
1768106008
309806270
1085004889
1916576445
449547796
1492085970
77765648
-1775790734
221699464
3066237
9010102
-2033878680
767794103
-384379681
117954744
1594991494
271560966
1410172394
71843478
-146428130
22122138
1024254049
361412846
123218496
1857786118
1960786286
327625342
595787750
-607273338
982542637
899086504
342274567
-1371060941
36601865
-597767998
448108833
972351342
-752621166
1823681520
2015770640
-1727254199
776611821
162831517
-1659027366
2041736441
1887837500
51778616
841101109
537544879
74771256
-350147237
1046872250
1575453245
1814095544
-818800097
182137849
1255599008
1121636726
41559648
2069772617
168815727
-444362189
171545123
-811843166
2057933327
1163814138
640884919
-353012660
164178425
-1708825041
1163632800
1065056344
230189503
-2031098152
45385701
325613816
-1887166563
47825466
22588509
658864407
497823970
203263618
1400276110
1743321244
-1084516712
882361866
66320859
-328030234
-1881182902
317438820
-293395608
1502464437
176448046
-1483533546
913644664
1065302619
106865726
61407089
496916787
318513090
5514407
2042778785
1697973932
-75006118
840920685
1761655785
712945572
575379369
503934464
75549270
1474981669
1036589354
-319096364
-638558831
-1355792599
256445
1068215984
1892280137
-762117289
187510477
2102391039
1732443493
236139
-795935917
594643592
3857
670752457
1197288317
765759595
2057718452
1034747035
315259143
-2019830060
2146006918
674707513
96955819
-1098538347
127285620
290253176
603478950
83831569
-704510801
256683159
-1166690513
939699748
1575049178
2061489898
-1116814236
182948537
18325611
5448143
220682063
-708270301
-1906370264
1612244581
412218902
-1441513340
1725061952
1112358021
-1837663793
255718512
-1846375010
401617921
395836177
212203808
611250171
139286054
20027795
47215198
286619690
1178412897
1237979626
-1818042440
-696497232
179361453
2018564580
23513819
-1526791675
-1159789995
-2105335785
1425478847
201382065
19546296
942651281
315433846
205879891
271903905
-2073278788
636468191
72275059
194746134
994846237
-303068446
-1997200623
266175882
6900003
-123330685
7883957
1763235111
948909363
60064816
1452234053
57573478
485191064
16515592
-845823334
-243952365
-1793900320
1072293441
-819960497
2065226511
12783350
258248888
-632632870
-681506319
117038107
-1676052542
582857619
-652776996
669969503
368491708
374891346
207927923
377226857
1356796019
-1940956840
466218252
1331620053
-1518090369
581262581
106687620
1128331537
853364722
1105939454
1651334373
-876000893
53172437
293502669
-243265509
-195732064
-635145790
437876633
55627269
1111137791
-1862704641
16012100
-1032406578
-2133470000
1198373056
498115118
180366800
324104093
-953426535
506587222
-312026620
498421358
570345005
2295849
-2144927930
1604025871
111549573
2333421
926333905
56419872
1120473449
-1395988612
852827227
1374358551
-1671142116
139348646
-483932469
-1849117095
-557742037
2126152903
203956978
1885451636
-1892555079
-2135657691
921646677
-25324074
693410685
344393051
-613043382
-955573016
-1677969135
-1590841553
1960355117
458000193
442403594
1472850140
10098665
1061498335
425681402
700027660
175247575
-943528830
291863432
201149496
205531845
-498495096
2086878463
1636024143
613558980
-1637712260
-1886958978
371006827
-416844394
10558239
1834567054
119169540
633622256
353044927
148631055
156814858
7024417
1552107130
-1208054019
-1452042260
1121930803
1396007849
193384303
-1113489026
-1025831421
20230075
174256600
-2086085943
790122841
831697885
180400347
-1580761221
208672378
121577567
-2041395630
931420119
-310307534
71349124
159082678
76141118
1200646171
850204382
179111158
940137781
1571597760
1889725702
628421901
-2056643309
6990837
1338361256
1142388935
-1311585373
449730761
154531333
-406098750
756826271
868142747
372695359
-1121362665
169368
619849270
197157419
845052626
444258562
19574206
1612236232
725936019
247997159
545630977
52683822
905085200
-166464741
45836111
743638357
175126732
44717415
-1622080915
1218962186
-2020444724
441891035
1572693847
-1824987286
456038232
94675074
568298224
-522553181
1507870414
-862883167
1272473613
-1282674812
103063196
142955541
1110100256
60408243
103059888
1798082375
249550786
93316864
